<?xml version="1.0" encoding="UTF-8"?>
<!-- Generated by org.testng.reporters.JUnitReportReporter -->
<testsuite skipped="0" hostname="JHANSI-PC" name="WebServices2.GETRequest_Demo" tests="1" failures="0" timestamp="01 May 2019 12:28:32 GMT" time="22.993" errors="0">
  <testcase name="GET_Demo" time="22.993" classname="WebServices2.GETRequest_Demo"/>
</testsuite> <!-- WebServices2.GETRequest_Demo -->
