<?xml version="1.0" encoding="UTF-8"?>
<!-- Generated by org.testng.reporters.JUnitReportReporter -->
<testsuite skipped="0" hostname="JHANSI-PC" name="WebServices.GETRequest" tests="1" failures="0" timestamp="01 May 2019 11:46:46 GMT" time="4.329" errors="0">
  <testcase name="GetResponse" time="4.329" classname="WebServices.GETRequest"/>
</testsuite> <!-- WebServices.GETRequest -->
