<?xml version="1.0" encoding="UTF-8"?>
<!-- Generated by org.testng.reporters.JUnitReportReporter -->
<testsuite skipped="0" hostname="JHANSI-PC" name="demoAPI.GET_Request" tests="1" failures="0" timestamp="13 May 2019 12:31:26 GMT" time="2.100" errors="0">
  <testcase name="GetRequest" time="2.100" classname="demoAPI.GET_Request"/>
</testsuite> <!-- demoAPI.GET_Request -->
