<?xml version="1.0" encoding="UTF-8"?>
<!-- Generated by org.testng.reporters.JUnitReportReporter -->
<testsuite skipped="0" hostname="JHANSI-PC" name="WebServices3.POSTRequest" tests="1" failures="0" timestamp="01 May 2019 13:46:09 GMT" time="3.395" errors="0">
  <testcase name="POST_Request" time="3.395" classname="WebServices3.POSTRequest"/>
</testsuite> <!-- WebServices3.POSTRequest -->
